# JRE version: Java(TM) SE Runtime Environment (8.0_40-b25) (build 1.8.0_40-b25)
# Java VM: Java HotSpot(TM) 64-Bit Server VM (25.40-b25 mixed mode windows-amd64 compressed oops)
Heap:
 PSYoungGen      total 390144K, used 142878K [0x00000000e0000000, 0x0000000100000000, 0x0000000100000000)
  eden space 315392K, 45% used [0x00000000e0000000,0x00000000e8b87918,0x00000000f3400000)
  from space 74752K, 0% used [0x00000000f3400000,0x00000000f3400000,0x00000000f7d00000)
  to   space 110080K, 0% used [0x00000000f9480000,0x00000000f9480000,0x0000000100000000)
 ParOldGen       total 476160K, used 161975K [0x00000000a0000000, 0x00000000bd100000, 0x00000000e0000000)
  object space 476160K, 34% used [0x00000000a0000000,0x00000000a9e2dfe8,0x00000000bd100000)
 Metaspace       used 89768K, capacity 96600K, committed 97024K, reserved 1132544K
  class space    used 11819K, capacity 13448K, committed 13568K, reserved 1048576K
GC Heap History (10 events):
Event: 694.787 GC heap before
{Heap before GC invocations=21 (full 3):
 PSYoungGen      total 321536K, used 321520K [0x00000000e0000000, 0x00000000fb980000, 0x0000000100000000)
  eden space 268800K, 100% used [0x00000000e0000000,0x00000000f0680000,0x00000000f0680000)
  from space 52736K, 99% used [0x00000000f0680000,0x00000000f39fc040,0x00000000f3a00000)
  to   space 70656K, 0% used [0x00000000f7480000,0x00000000f7480000,0x00000000fb980000)
 ParOldGen       total 254464K, used 126977K [0x00000000a0000000, 0x00000000af880000, 0x00000000e0000000)
  object space 254464K, 49% used [0x00000000a0000000,0x00000000a7c00788,0x00000000af880000)
 Metaspace       used 80672K, capacity 87076K, committed 87168K, reserved 1124352K
  class space    used 10819K, capacity 12360K, committed 12416K, reserved 1048576K
Event: 694.819 GC heap after
Heap after GC invocations=21 (full 3):
 PSYoungGen      total 377344K, used 51824K [0x00000000e0000000, 0x00000000fc180000, 0x0000000100000000)
  eden space 306688K, 0% used [0x00000000e0000000,0x00000000e0000000,0x00000000f2b80000)
  from space 70656K, 73% used [0x00000000f7480000,0x00000000fa71c280,0x00000000fb980000)
  to   space 74752K, 0% used [0x00000000f2b80000,0x00000000f2b80000,0x00000000f7480000)
 ParOldGen       total 254464K, used 149831K [0x00000000a0000000, 0x00000000af880000, 0x00000000e0000000)
  object space 254464K, 58% used [0x00000000a0000000,0x00000000a9251ee0,0x00000000af880000)
 Metaspace       used 80672K, capacity 87076K, committed 87168K, reserved 1124352K
  class space    used 10819K, capacity 12360K, committed 12416K, reserved 1048576K
}
Event: 773.949 GC heap before
{Heap before GC invocations=22 (full 3):
 PSYoungGen      total 377344K, used 358512K [0x00000000e0000000, 0x00000000fc180000, 0x0000000100000000)
  eden space 306688K, 100% used [0x00000000e0000000,0x00000000f2b80000,0x00000000f2b80000)
  from space 70656K, 73% used [0x00000000f7480000,0x00000000fa71c280,0x00000000fb980000)
  to   space 74752K, 0% used [0x00000000f2b80000,0x00000000f2b80000,0x00000000f7480000)
 ParOldGen       total 254464K, used 149831K [0x00000000a0000000, 0x00000000af880000, 0x00000000e0000000)
  object space 254464K, 58% used [0x00000000a0000000,0x00000000a9251ee0,0x00000000af880000)
 Metaspace       used 82909K, capacity 89584K, committed 89856K, reserved 1126400K
  class space    used 11061K, capacity 12680K, committed 12800K, reserved 1048576K
Event: 773.970 GC heap after
Heap after GC invocations=22 (full 3):
 PSYoungGen      total 381440K, used 66084K [0x00000000e0000000, 0x00000000ff580000, 0x0000000100000000)
  eden space 306688K, 0% used [0x00000000e0000000,0x00000000e0000000,0x00000000f2b80000)
  from space 74752K, 88% used [0x00000000f2b80000,0x00000000f6c09128,0x00000000f7480000)
  to   space 83456K, 0% used [0x00000000fa400000,0x00000000fa400000,0x00000000ff580000)
 ParOldGen       total 254464K, used 149839K [0x00000000a0000000, 0x00000000af880000, 0x00000000e0000000)
  object space 254464K, 58% used [0x00000000a0000000,0x00000000a9253ee0,0x00000000af880000)
 Metaspace       used 82909K, capacity 89584K, committed 89856K, reserved 1126400K
  class space    used 11061K, capacity 12680K, committed 12800K, reserved 1048576K
}
Event: 775.273 GC heap before
{Heap before GC invocations=23 (full 3):
 PSYoungGen      total 381440K, used 372772K [0x00000000e0000000, 0x00000000ff580000, 0x0000000100000000)
  eden space 306688K, 100% used [0x00000000e0000000,0x00000000f2b80000,0x00000000f2b80000)
  from space 74752K, 88% used [0x00000000f2b80000,0x00000000f6c09128,0x00000000f7480000)
  to   space 83456K, 0% used [0x00000000fa400000,0x00000000fa400000,0x00000000ff580000)
 ParOldGen       total 254464K, used 149839K [0x00000000a0000000, 0x00000000af880000, 0x00000000e0000000)
  object space 254464K, 58% used [0x00000000a0000000,0x00000000a9253ee0,0x00000000af880000)
 Metaspace       used 83442K, capacity 90430K, committed 90624K, reserved 1126400K
  class space    used 11112K, capacity 12735K, committed 12800K, reserved 1048576K
Event: 775.315 GC heap after
Heap after GC invocations=23 (full 3):
 PSYoungGen      total 398848K, used 83441K [0x00000000e0000000, 0x0000000100000000, 0x0000000100000000)
  eden space 315392K, 0% used [0x00000000e0000000,0x00000000e0000000,0x00000000f3400000)
  from space 83456K, 99% used [0x00000000fa400000,0x00000000ff57c5b0,0x00000000ff580000)
  to   space 104448K, 0% used [0x00000000f3400000,0x00000000f3400000,0x00000000f9a00000)
 ParOldGen       total 254464K, used 170956K [0x00000000a0000000, 0x00000000af880000, 0x00000000e0000000)
  object space 254464K, 67% used [0x00000000a0000000,0x00000000aa6f3040,0x00000000af880000)
 Metaspace       used 83442K, capacity 90430K, committed 90624K, reserved 1126400K
  class space    used 11112K, capacity 12735K, committed 12800K, reserved 1048576K
}
Event: 776.992 GC heap before
{Heap before GC invocations=24 (full 3):
 PSYoungGen      total 398848K, used 398833K [0x00000000e0000000, 0x0000000100000000, 0x0000000100000000)
  eden space 315392K, 100% used [0x00000000e0000000,0x00000000f3400000,0x00000000f3400000)
  from space 83456K, 99% used [0x00000000fa400000,0x00000000ff57c5b0,0x00000000ff580000)
  to   space 104448K, 0% used [0x00000000f3400000,0x00000000f3400000,0x00000000f9a00000)
 ParOldGen       total 254464K, used 170956K [0x00000000a0000000, 0x00000000af880000, 0x00000000e0000000)
  object space 254464K, 67% used [0x00000000a0000000,0x00000000aa6f3040,0x00000000af880000)
 Metaspace       used 89808K, capacity 96738K, committed 97024K, reserved 1132544K
  class space    used 11833K, capacity 13471K, committed 13568K, reserved 1048576K
Event: 777.047 GC heap after
Heap after GC invocations=24 (full 3):
 PSYoungGen      total 390144K, used 74557K [0x00000000e0000000, 0x0000000100000000, 0x0000000100000000)
  eden space 315392K, 0% used [0x00000000e0000000,0x00000000e0000000,0x00000000f3400000)
  from space 74752K, 99% used [0x00000000f3400000,0x00000000f7ccf630,0x00000000f7d00000)
  to   space 110080K, 0% used [0x00000000f9480000,0x00000000f9480000,0x0000000100000000)
 ParOldGen       total 254464K, used 219964K [0x00000000a0000000, 0x00000000af880000, 0x00000000e0000000)
  object space 254464K, 86% used [0x00000000a0000000,0x00000000ad6cf2a8,0x00000000af880000)
 Metaspace       used 89808K, capacity 96738K, committed 97024K, reserved 1132544K
  class space    used 11833K, capacity 13471K, committed 13568K, reserved 1048576K
}
Event: 777.047 GC heap before
{Heap before GC invocations=25 (full 4):
 PSYoungGen      total 390144K, used 74557K [0x00000000e0000000, 0x0000000100000000, 0x0000000100000000)
  eden space 315392K, 0% used [0x00000000e0000000,0x00000000e0000000,0x00000000f3400000)
  from space 74752K, 99% used [0x00000000f3400000,0x00000000f7ccf630,0x00000000f7d00000)
  to   space 110080K, 0% used [0x00000000f9480000,0x00000000f9480000,0x0000000100000000)
 ParOldGen       total 254464K, used 219964K [0x00000000a0000000, 0x00000000af880000, 0x00000000e0000000)
  object space 254464K, 86% used [0x00000000a0000000,0x00000000ad6cf2a8,0x00000000af880000)
 Metaspace       used 89808K, capacity 96738K, committed 97024K, reserved 1132544K
  class space    used 11833K, capacity 13471K, committed 13568K, reserved 1048576K
Event: 777.238 GC heap after
Heap after GC invocations=25 (full 4):
 PSYoungGen      total 390144K, used 0K [0x00000000e0000000, 0x0000000100000000, 0x0000000100000000)
  eden space 315392K, 0% used [0x00000000e0000000,0x00000000e0000000,0x00000000f3400000)
  from space 74752K, 0% used [0x00000000f3400000,0x00000000f3400000,0x00000000f7d00000)
  to   space 110080K, 0% used [0x00000000f9480000,0x00000000f9480000,0x0000000100000000)
 ParOldGen       total 476160K, used 161975K [0x00000000a0000000, 0x00000000bd100000, 0x00000000e0000000)
  object space 476160K, 34% used [0x00000000a0000000,0x00000000a9e2dfe8,0x00000000bd100000)
 Metaspace       used 89767K, capacity 96600K, committed 97024K, reserved 1132544K
  class space    used 11819K, capacity 13448K, committed 13568K, reserved 1048576K
}

